<?xml version="1.0" encoding="UTF-8"?>
<!-- Generated by org.testng.reporters.JUnitReportReporter -->
<testsuite hostname="Girishs-MacBook-Air.local" failures="0" tests="1" name="GoogleSearchTestNGDemo" time="1.966" errors="0" timestamp="2023-07-24T13:24:29 IST" skipped="0">
  <testcase classname="GoogleSearchTestNGDemo" name="googleSearchTest" time="1.966"/>
</testsuite> <!-- GoogleSearchTestNGDemo -->
