<?xml version="1.0" encoding="UTF-8"?>
<!-- Generated by org.testng.reporters.JUnitReportReporter -->
<testsuite hostname="Girishs-MacBook-Air.local" failures="0" tests="2" name="ExtentReportTestNGDemo" time="4.784" errors="0" timestamp="2023-07-24T13:24:29 IST" skipped="0">
  <testcase classname="ExtentReportTestNGDemo" name="test2" time="2.351"/>
  <testcase classname="ExtentReportTestNGDemo" name="test" time="2.433"/>
</testsuite> <!-- ExtentReportTestNGDemo -->
